<?xml version="1.0" encoding="UTF-8"?>
<!-- Generated by org.testng.reporters.JUnitReportReporter -->
<testsuite skipped="5" hostname="DN-AAVN-WS-635" name="com.liveguru.user.User_01_Register_to_System_Multi_Browser" tests="16" failures="0" timestamp="28 Jul 2020 09:25:52 GMT" time="48.652" errors="1">
  <testcase name="Register_03_Password_Less_Than_6_Chars" time="5.563" classname="com.liveguru.user.User_01_Register_to_System_Multi_Browser"/>
  <testcase name="Register_01_Empty_Data" time="0.000" classname="com.liveguru.user.User_01_Register_to_System_Multi_Browser">
    <skipped/>
  </testcase> <!-- Register_01_Empty_Data -->
  <testcase name="Register_01_Empty_Data" time="3.258" classname="com.liveguru.user.User_01_Register_to_System_Multi_Browser"/>
  <testcase name="Register_02_Invalid_Email" time="5.157" classname="com.liveguru.user.User_01_Register_to_System_Multi_Browser"/>
  <testcase name="Register_04_Confirm_Password_Not_Matching_Password" time="5.849" classname="com.liveguru.user.User_01_Register_to_System_Multi_Browser"/>
  <testcase name="Register_03_Password_Less_Than_6_Chars" time="0.000" classname="com.liveguru.user.User_01_Register_to_System_Multi_Browser">
    <skipped/>
  </testcase> <!-- Register_03_Password_Less_Than_6_Chars -->
  <testcase name="Register_04_Confirm_Password_Not_Matching_Password" time="0.000" classname="com.liveguru.user.User_01_Register_to_System_Multi_Browser">
    <skipped/>
  </testcase> <!-- Register_04_Confirm_Password_Not_Matching_Password -->
  <testcase name="Register_05_Valid_Data" time="5.083" classname="com.liveguru.user.User_01_Register_to_System_Multi_Browser"/>
  <testcase name="Register_02_Invalid_Email" time="0.000" classname="com.liveguru.user.User_01_Register_to_System_Multi_Browser">
    <skipped/>
  </testcase> <!-- Register_02_Invalid_Email -->
  <testcase name="Register_05_Valid_Data" time="0.000" classname="com.liveguru.user.User_01_Register_to_System_Multi_Browser">
    <skipped/>
  </testcase> <!-- Register_05_Valid_Data -->
  <testcase name="Register_04_Confirm_Password_Not_Matching_Password" time="3.265" classname="com.liveguru.user.User_01_Register_to_System_Multi_Browser"/>
  <testcase name="Register_05_Valid_Data" time="8.389" classname="com.liveguru.user.User_01_Register_to_System_Multi_Browser"/>
  <testcase name="Register_01_Empty_Data" time="6.004" classname="com.liveguru.user.User_01_Register_to_System_Multi_Browser"/>
  <testcase name="Register_03_Password_Less_Than_6_Chars" time="3.026" classname="com.liveguru.user.User_01_Register_to_System_Multi_Browser"/>
  <testcase name="Register_02_Invalid_Email" time="3.058" classname="com.liveguru.user.User_01_Register_to_System_Multi_Browser"/>
  <testcase name="beforeClass" time="0.000" classname="com.liveguru.user.User_01_Register_to_System_Multi_Browser">
    <error type="java.lang.IllegalArgumentException" message="No enum constant commons.Browser.COCCOC">
      <![CDATA[java.lang.IllegalArgumentException: No enum constant commons.Browser.COCCOC
at java.lang.Enum.valueOf(Unknown Source)
at commons.Browser.valueOf(Browser.java:1)
at commons.AbstractTest.openMultiBrowser(AbstractTest.java:38)
at com.liveguru.user.User_01_Register_to_System_Multi_Browser.beforeClass(User_01_Register_to_System_Multi_Browser.java:32)
at sun.reflect.NativeMethodAccessorImpl.invoke0(Native Method)
at sun.reflect.NativeMethodAccessorImpl.invoke(Unknown Source)
at sun.reflect.DelegatingMethodAccessorImpl.invoke(Unknown Source)
at java.lang.reflect.Method.invoke(Unknown Source)
at org.testng.internal.MethodInvocationHelper.invokeMethod(MethodInvocationHelper.java:124)
at org.testng.internal.MethodInvocationHelper.invokeMethodConsideringTimeout(MethodInvocationHelper.java:59)
at org.testng.internal.Invoker.invokeConfigurationMethod(Invoker.java:458)
at org.testng.internal.Invoker.invokeConfigurations(Invoker.java:222)
at org.testng.internal.Invoker.invokeConfigurations(Invoker.java:142)
at org.testng.internal.TestMethodWorker.invokeBeforeClassMethods(TestMethodWorker.java:168)
at org.testng.internal.TestMethodWorker.run(TestMethodWorker.java:105)
at org.testng.TestRunner.privateRun(TestRunner.java:648)
at org.testng.TestRunner.run(TestRunner.java:505)
at org.testng.SuiteRunner.runTest(SuiteRunner.java:455)
at org.testng.SuiteRunner.runSequentially(SuiteRunner.java:450)
at org.testng.SuiteRunner.privateRun(SuiteRunner.java:415)
at org.testng.SuiteRunner.run(SuiteRunner.java:364)
at org.testng.SuiteRunnerWorker.runSuite(SuiteRunnerWorker.java:52)
at org.testng.SuiteRunnerWorker.run(SuiteRunnerWorker.java:84)
at org.testng.TestNG.runSuitesSequentially(TestNG.java:1208)
at org.testng.TestNG.runSuitesLocally(TestNG.java:1137)
at org.testng.TestNG.runSuites(TestNG.java:1049)
at org.testng.TestNG.run(TestNG.java:1017)
at org.testng.remote.AbstractRemoteTestNG.run(AbstractRemoteTestNG.java:115)
at org.testng.remote.RemoteTestNG.initAndRun(RemoteTestNG.java:251)
at org.testng.remote.RemoteTestNG.main(RemoteTestNG.java:77)
]]>
    </error>
  </testcase> <!-- beforeClass -->
</testsuite> <!-- com.liveguru.user.User_01_Register_to_System_Multi_Browser -->
